生成启动时间为 2016/5/22 20:22:44。
     1>项目“F:\c++\project\语法\语法\语法.vcxproj”在节点 2 上(Build 个目标)。
     1>ClCompile:
         E:\安装程序\VS2013\VC\bin\CL.exe /c /ZI /nologo /W3 /WX- /sdl /Od /Oy- /D WIN32 /D _DEBUG /D _CONSOLE /D _LIB /D _UNICODE /D UNICODE /Gm /EHsc /RTC1 /MDd /GS /fp:precise /Zc:wchar_t /Zc:forScope /Fo"Debug\\" /Fd"Debug\vc120.pdb" /Gd /TP /analyze- /errorReport:prompt Base.cpp TableStack.cpp main.cpp
         Base.cpp
     1>f:\c++\project\语法\语法\base.cpp(11): warning C4018: “<”: 有符号/无符号不匹配
     1>f:\c++\project\语法\语法\base.cpp(20): warning C4018: “<”: 有符号/无符号不匹配
     1>f:\c++\project\语法\语法\base.cpp(41): warning C4018: “<”: 有符号/无符号不匹配
     1>f:\c++\project\语法\语法\base.cpp(137): warning C4018: “<”: 有符号/无符号不匹配
     1>f:\c++\project\语法\语法\base.cpp(143): warning C4018: “<”: 有符号/无符号不匹配
     1>f:\c++\project\语法\语法\base.cpp(147): warning C4018: “<”: 有符号/无符号不匹配
     1>f:\c++\project\语法\语法\base.cpp(154): warning C4018: “<”: 有符号/无符号不匹配
     1>f:\c++\project\语法\语法\base.cpp(169): warning C4018: “<”: 有符号/无符号不匹配
     1>f:\c++\project\语法\语法\base.cpp(186): warning C4018: “<”: 有符号/无符号不匹配
     1>f:\c++\project\语法\语法\base.cpp(191): warning C4018: “<”: 有符号/无符号不匹配
     1>f:\c++\project\语法\语法\base.cpp(198): warning C4018: “<”: 有符号/无符号不匹配
     1>f:\c++\project\语法\语法\base.cpp(208): warning C4018: “<”: 有符号/无符号不匹配
     1>f:\c++\project\语法\语法\base.cpp(218): warning C4018: “<”: 有符号/无符号不匹配
         正在生成代码...
         正在编译...
         TableStack.cpp
     1>f:\c++\project\语法\语法\tablestack.cpp(52): warning C4018: “<”: 有符号/无符号不匹配
     1>f:\c++\project\语法\语法\tablestack.cpp(99): warning C4018: “<”: 有符号/无符号不匹配
     1>f:\c++\project\语法\语法\tablestack.cpp(104): warning C4018: “<”: 有符号/无符号不匹配
     1>f:\c++\project\语法\语法\tablestack.cpp(107): warning C4018: “<”: 有符号/无符号不匹配
         正在生成代码...
         正在跳过...(未检测到相关更改)
         main.cpp
       Link:
         E:\安装程序\VS2013\VC\bin\link.exe /ERRORREPORT:PROMPT /OUT:"F:\c++\project\语法\Debug\语法.exe" /INCREMENTAL /NOLOGO opencv_ts300.lib opencv_world300.lib kernel32.lib user32.lib gdi32.lib winspool.lib comdlg32.lib advapi32.lib shell32.lib ole32.lib oleaut32.lib uuid.lib odbc32.lib odbccp32.lib /MANIFEST /MANIFESTUAC:"level='asInvoker' uiAccess='false'" /manifest:embed /DEBUG /PDB:"F:\c++\project\语法\Debug\语法.pdb" /SUBSYSTEM:CONSOLE /TLBID:1 /DYNAMICBASE /NXCOMPAT /IMPLIB:"F:\c++\project\语法\Debug\语法.lib" /MACHINE:X86 Debug\Base.obj
         Debug\main.obj
         Debug\TableStack.obj
         语法.vcxproj -> F:\c++\project\语法\Debug\语法.exe
     1>已完成生成项目“F:\c++\project\语法\语法\语法.vcxproj”(Build 个目标)的操作。

生成成功。

已用时间 00:00:02.42
